0 info it worked if it ends with ok
1 verbose cli [ '/usr/local/bin/node',
1 verbose cli   '/usr/local/bin/npm',
1 verbose cli   'install',
1 verbose cli   'angular-oauth' ]
2 info using npm@1.4.3
3 info using node@v0.10.26
4 verbose readDependencies using package.json deps
5 verbose cache add [ 'angular-oauth', null ]
6 verbose cache add name=undefined spec="angular-oauth" args=["angular-oauth",null]
7 verbose parsed url { protocol: null,
7 verbose parsed url   slashes: null,
7 verbose parsed url   auth: null,
7 verbose parsed url   host: null,
7 verbose parsed url   port: null,
7 verbose parsed url   hostname: null,
7 verbose parsed url   hash: null,
7 verbose parsed url   search: null,
7 verbose parsed url   query: null,
7 verbose parsed url   pathname: 'angular-oauth',
7 verbose parsed url   path: 'angular-oauth',
7 verbose parsed url   href: 'angular-oauth' }
8 silly lockFile fc7938a9-angular-oauth angular-oauth
9 verbose lock angular-oauth /home/user/.npm/fc7938a9-angular-oauth.lock
10 silly lockFile fc7938a9-angular-oauth angular-oauth
11 silly lockFile fc7938a9-angular-oauth angular-oauth
12 verbose addNamed [ 'angular-oauth', '' ]
13 verbose addNamed [ null, '*' ]
14 silly lockFile 33827674-angular-oauth angular-oauth@
15 verbose lock angular-oauth@ /home/user/.npm/33827674-angular-oauth.lock
16 silly addNameRange { name: 'angular-oauth', range: '*', hasData: false }
17 verbose url raw angular-oauth
18 verbose url resolving [ 'https://registry.npmjs.org/', './angular-oauth' ]
19 verbose url resolved https://registry.npmjs.org/angular-oauth
20 info trying registry request attempt 1 at 11:45:44
21 http GET https://registry.npmjs.org/angular-oauth
22 http 404 https://registry.npmjs.org/angular-oauth
23 silly registry.get cb [ 404,
23 silly registry.get   { date: 'Fri, 23 May 2014 09:45:59 GMT',
23 silly registry.get     server: 'CouchDB/1.5.0 (Erlang OTP/R14B04)',
23 silly registry.get     'content-type': 'application/json',
23 silly registry.get     via: '1.1 varnish',
23 silly registry.get     'cache-control': 'max-age=0',
23 silly registry.get     'content-length': '52',
23 silly registry.get     'accept-ranges': 'bytes',
23 silly registry.get     age: '0',
23 silly registry.get     'x-served-by': 'cache-v41-ASH, cache-fra1227-FRA',
23 silly registry.get     'x-cache': 'MISS, MISS',
23 silly registry.get     'x-cache-hits': '0, 0',
23 silly registry.get     'x-timer': 'S1400838359.022724,VS0,VE99',
23 silly registry.get     'keep-alive': 'timeout=10, max=50',
23 silly registry.get     connection: 'Keep-Alive' } ]
24 silly lockFile 33827674-angular-oauth angular-oauth@
25 silly lockFile 33827674-angular-oauth angular-oauth@
26 error 404 'angular-oauth' is not in the npm registry.
26 error 404 You should bug the author to publish it
26 error 404 It was specified as a dependency of 'test'
26 error 404
26 error 404 Note that you can also install from a
26 error 404 tarball, folder, or http url, or git url.
27 error System Linux 3.2.0-4-amd64
28 error command "/usr/local/bin/node" "/usr/local/bin/npm" "install" "angular-oauth"
29 error cwd /var/share/angularjs-appstarter
30 error node -v v0.10.26
31 error npm -v 1.4.3
32 error code E404
33 verbose exit [ 1, true ]
